Started at Mon Feb 28 13:53:02 UTC 2022
Processing c-project
Offering c-project to Project Build Discarder
Processing c-project1
Offering c-project1 to Project Build Discarder
Processing java
Offering java to Project Build Discarder
Processing java-project
Offering java-project to Project Build Discarder
Finished at Mon Feb 28 13:53:02 UTC 2022. 2ms
Started at Mon Feb 28 14:53:02 UTC 2022
Processing c-project
Offering c-project to Project Build Discarder
Processing c-project1
Offering c-project1 to Project Build Discarder
Processing example-java
Offering example-java to Project Build Discarder
Processing java-project
Offering java-project to Project Build Discarder
Finished at Mon Feb 28 14:53:02 UTC 2022. 6ms
Started at Mon Feb 28 15:53:02 UTC 2022
Processing c-project
Offering c-project to Project Build Discarder
Processing c-project1
Offering c-project1 to Project Build Discarder
Processing example-java
Offering example-java to Project Build Discarder
Processing java-project
Offering java-project to Project Build Discarder
Finished at Mon Feb 28 15:53:02 UTC 2022. 3ms
Started at Mon Feb 28 16:53:02 UTC 2022
Processing c-project
Offering c-project to Project Build Discarder
Processing c-project1
Offering c-project1 to Project Build Discarder
Processing example-java
Offering example-java to Project Build Discarder
Processing java-project
Offering java-project to Project Build Discarder
Finished at Mon Feb 28 16:53:02 UTC 2022. 1ms
Started at Mon Feb 28 17:53:02 UTC 2022
Processing c-project
Offering c-project to Project Build Discarder
Processing c-project1
Offering c-project1 to Project Build Discarder
Processing example-java
Offering example-java to Project Build Discarder
Processing java-project
Offering java-project to Project Build Discarder
Finished at Mon Feb 28 17:53:02 UTC 2022. 1ms
Started at Mon Feb 28 18:53:02 UTC 2022
Processing c-project
Offering c-project to Project Build Discarder
Processing c-project1
Offering c-project1 to Project Build Discarder
Processing example-java
Offering example-java to Project Build Discarder
Processing java-project
Offering java-project to Project Build Discarder
Finished at Mon Feb 28 18:53:02 UTC 2022. 1ms
Started at Mon Feb 28 19:53:02 UTC 2022
Processing c-project
Offering c-project to Project Build Discarder
Processing c-project1
Offering c-project1 to Project Build Discarder
Processing example-java
Offering example-java to Project Build Discarder
Processing java-project
Offering java-project to Project Build Discarder
Finished at Mon Feb 28 19:53:02 UTC 2022. 14ms
Started at Mon Feb 28 20:53:02 UTC 2022
Processing c-project
Offering c-project to Project Build Discarder
Processing c-project1
Offering c-project1 to Project Build Discarder
Processing example-java
Offering example-java to Project Build Discarder
Processing java-project
Offering java-project to Project Build Discarder
Finished at Mon Feb 28 20:53:02 UTC 2022. 1ms
Started at Mon Feb 28 21:53:02 UTC 2022
Processing c-project
Offering c-project to Project Build Discarder
Processing c-project1
Offering c-project1 to Project Build Discarder
Processing example-java
Offering example-java to Project Build Discarder
Processing java-project
Offering java-project to Project Build Discarder
Finished at Mon Feb 28 21:53:02 UTC 2022. 3ms
Started at Mon Feb 28 22:53:02 UTC 2022
Processing c-project
Offering c-project to Project Build Discarder
Processing c-project1
Offering c-project1 to Project Build Discarder
Processing example-java
Offering example-java to Project Build Discarder
Processing java-project
Offering java-project to Project Build Discarder
Finished at Mon Feb 28 22:53:02 UTC 2022. 0ms
Started at Mon Feb 28 23:53:02 UTC 2022
Processing c-project
Offering c-project to Project Build Discarder
Processing c-project1
Offering c-project1 to Project Build Discarder
Processing example-java
Offering example-java to Project Build Discarder
Processing java-project
Offering java-project to Project Build Discarder
Finished at Mon Feb 28 23:53:02 UTC 2022. 2ms
Started at Tue Mar 01 00:53:02 UTC 2022
Processing c-project
Offering c-project to Project Build Discarder
Processing c-project1
Offering c-project1 to Project Build Discarder
Processing example-java
Offering example-java to Project Build Discarder
Processing java-project
Offering java-project to Project Build Discarder
Finished at Tue Mar 01 00:53:02 UTC 2022. 0ms
Started at Tue Mar 01 01:53:02 UTC 2022
Processing c-project
Offering c-project to Project Build Discarder
Processing c-project1
Offering c-project1 to Project Build Discarder
Processing example-java
Offering example-java to Project Build Discarder
Processing java-project
Offering java-project to Project Build Discarder
Finished at Tue Mar 01 01:53:02 UTC 2022. 4ms
Started at Tue Mar 01 02:53:02 UTC 2022
Processing c-project
Offering c-project to Project Build Discarder
Processing c-project1
Offering c-project1 to Project Build Discarder
Processing example-java
Offering example-java to Project Build Discarder
Processing java-project
Offering java-project to Project Build Discarder
Finished at Tue Mar 01 02:53:02 UTC 2022. 0ms
Started at Tue Mar 01 03:53:02 UTC 2022
Processing c-project
Offering c-project to Project Build Discarder
Processing c-project1
Offering c-project1 to Project Build Discarder
Processing example-java
Offering example-java to Project Build Discarder
Processing java-project
Offering java-project to Project Build Discarder
Finished at Tue Mar 01 03:53:02 UTC 2022. 6ms
Started at Tue Mar 01 04:53:02 UTC 2022
Processing c-project
Offering c-project to Project Build Discarder
Processing c-project1
Offering c-project1 to Project Build Discarder
Processing example-java
Offering example-java to Project Build Discarder
Processing java-project
Offering java-project to Project Build Discarder
Finished at Tue Mar 01 04:53:02 UTC 2022. 3ms
Started at Tue Mar 01 05:53:02 UTC 2022
Processing c-project
Offering c-project to Project Build Discarder
Processing c-project1
Offering c-project1 to Project Build Discarder
Processing example-java
Offering example-java to Project Build Discarder
Processing java-project
Offering java-project to Project Build Discarder
Finished at Tue Mar 01 05:53:02 UTC 2022. 2ms
Started at Tue Mar 01 06:53:02 UTC 2022
Processing c-project
Offering c-project to Project Build Discarder
Processing c-project1
Offering c-project1 to Project Build Discarder
Processing example-java
Offering example-java to Project Build Discarder
Processing java-project
Offering java-project to Project Build Discarder
Finished at Tue Mar 01 06:53:02 UTC 2022. 0ms
Started at Tue Mar 01 07:53:02 UTC 2022
Processing c-project
Offering c-project to Project Build Discarder
Processing c-project1
Offering c-project1 to Project Build Discarder
Processing example-java
Offering example-java to Project Build Discarder
Processing java-project
Offering java-project to Project Build Discarder
Finished at Tue Mar 01 07:53:02 UTC 2022. 6ms
Started at Tue Mar 01 08:53:02 UTC 2022
Processing c-project
Offering c-project to Project Build Discarder
Processing c-project1
Offering c-project1 to Project Build Discarder
Processing example-java
Offering example-java to Project Build Discarder
Processing java-project
Offering java-project to Project Build Discarder
Finished at Tue Mar 01 08:53:02 UTC 2022. 1ms
Started at Tue Mar 01 09:53:02 UTC 2022
Processing c-project
Offering c-project to Project Build Discarder
Processing c-project1
Offering c-project1 to Project Build Discarder
Processing example-java
Offering example-java to Project Build Discarder
Processing java-project
Offering java-project to Project Build Discarder
Finished at Tue Mar 01 09:53:02 UTC 2022. 2ms
